\BOOKMARK [0][-]{title.0}{\376\377\201\352\122\066\116\055\123\127\131\047\133\146\170\125\130\353\213\272\145\207\000L\000a\000T\000e\000X\152\041\147\177}{}% 1
\BOOKMARK [0][-]{contents.0}{\376\377\166\356\137\125}{}% 2
\BOOKMARK [0][-]{chapter.1}{\376\377\173\054\0001\172\340\000\040\000\040\176\352\213\272}{}% 3
\BOOKMARK [1][-]{section.1.1}{\376\377\0001\000.\0001\000\040\117\177\165\050\145\271\154\325}{chapter.1}% 4
\BOOKMARK [2][-]{subsection.1.1.1}{\376\377\0001\000.\0001\000.\0001\000\040\177\026\213\321\135\345\121\167\221\115\177\156}{section.1.1}% 5
\BOOKMARK [2][-]{subsection.1.1.2}{\376\377\0001\000.\0001\000.\0002\000\040\177\026\213\321}{section.1.1}% 6
\BOOKMARK [2][-]{subsection.1.1.3}{\376\377\0001\000.\0001\000.\0003\000\040\121\205\133\271}{section.1.1}% 7
\BOOKMARK [2][-]{subsection.1.1.4}{\376\377\0001\000.\0001\000.\0004\000\040\123\302\200\003\145\207\163\056}{section.1.1}% 8
\BOOKMARK [1][-]{section.1.2}{\376\377\0001\000.\0002\000\040\123\302\200\003\145\207\163\056\137\025\165\050}{chapter.1}% 9
\BOOKMARK [2][-]{subsection.1.2.1}{\376\377\0001\000.\0002\000.\0001\000\040\116\012\150\007\137\025\165\050}{section.1.2}% 10
\BOOKMARK [2][-]{subsection.1.2.2}{\376\377\0001\000.\0002\000.\0002\000\040\117\134\200\005\124\015\137\025\165\050}{section.1.2}% 11
\BOOKMARK [1][-]{section.1.3}{\376\377\0001\000.\0003\000\040\0001\0001\0000\122\006\224\237\116\206\211\343\000L\000a\000T\000e\000X\0002\003\265}{chapter.1}% 12
\BOOKMARK [1][-]{section.1.4}{\376\377\0001\000.\0004\000\040\130\360\146\016}{chapter.1}% 13
\BOOKMARK [0][-]{chapter.2}{\376\377\173\054\0002\172\340\000\040\000\040\121\154\137\017}{}% 14
\BOOKMARK [0][-]{chapter.3}{\376\377\173\054\0003\172\340\000\040\000\040\126\376\162\107\124\214\210\150\150\074}{}% 15
\BOOKMARK [0][-]{chapter.4}{\376\377\173\054\0004\172\340\000\040\000\040\000x\000x\000x}{}% 16
\BOOKMARK [0][-]{chapter.5}{\376\377\173\054\0005\172\340\000\040\000\040\176\323\213\272\116\016\136\372\213\256}{}% 17
\BOOKMARK [0][-]{appendix.A}{\376\377\226\104\137\125\000\040\000A\000\040\000\040\000a\000b\000c\000d}{}% 18
\BOOKMARK [0][-]{appendix*.6}{\376\377\123\302\200\003\145\207\163\056}{}% 19
\BOOKMARK [0][-]{appendix*.7}{\376\377\145\073\213\373\133\146\117\115\147\037\225\364\116\073\211\201\142\020\147\234}{}% 20
\BOOKMARK [0][-]{appendix*.10}{\376\377\201\364\214\042}{}% 21
